<?xml version="1.0" encoding="UTF-8"?>
<!-- Generated by org.testng.reporters.JUnitXMLReporter -->
<testsuite hostname="rakeshs-MacBook-Air.local" ignored="0" name="Harmony QA Test Cases" tests="7" failures="0" timestamp="03 Nov 2019 14:42:08 GMT" time="211.161" errors="0">
  <testcase name="validLogin" time="17.273" classname="com.harmony.qa.tests.LoginPageTest"/>
  <testcase name="verifyNewsPage" time="4.389" classname="com.harmony.qa.tests.HomePageTest"/>
  <testcase name="verifyOrganizationPage" time="7.839" classname="com.harmony.qa.tests.HomePageTest"/>
  <testcase name="verifyPanelPage" time="11.429" classname="com.harmony.qa.tests.HomePageTest"/>
  <testcase name="verifyTrainingPage" time="1.076" classname="com.harmony.qa.tests.HomePageTest"/>
  <testcase name="verifyUserPage" time="7.339" classname="com.harmony.qa.tests.HomePageTest"/>
  <testcase name="verifyWellskyLogo" time="0.067" classname="com.harmony.qa.tests.HomePageTest"/>
</testsuite> <!-- Harmony QA Test Cases -->
