<?xml version="1.0" encoding="UTF-8"?>
<!-- Generated by org.testng.reporters.JUnitXMLReporter -->
<testsuite hostname="rakeshs-MacBook-Air.local" ignored="0" name="Default test" tests="6" failures="0" timestamp="03 Nov 2019 14:33:14 GMT" time="186.971" errors="0">
  <testcase name="verifyNewsPage" time="7.111" classname="com.harmony.qa.tests.HomePageTest"/>
  <testcase name="verifyOrganizationPage" time="9.043" classname="com.harmony.qa.tests.HomePageTest"/>
  <testcase name="verifyPanelPage" time="8.262" classname="com.harmony.qa.tests.HomePageTest"/>
  <testcase name="verifyTrainingPage" time="1.24" classname="com.harmony.qa.tests.HomePageTest"/>
  <testcase name="verifyUserPage" time="5.698" classname="com.harmony.qa.tests.HomePageTest"/>
  <testcase name="verifyWellskyLogo" time="0.059" classname="com.harmony.qa.tests.HomePageTest"/>
</testsuite> <!-- Default test -->
