<?xml version="1.0" encoding="UTF-8"?>
<testng-results skipped="0" failed="0" ignored="0" total="1" passed="1">
  <reporter-output>
  </reporter-output>
  <suite name="Default suite" duration-ms="224385" started-at="2019-11-22T13:15:02Z" finished-at="2019-11-22T13:18:46Z">
    <groups>
    </groups>
    <test name="Default test" duration-ms="224385" started-at="2019-11-22T13:15:02Z" finished-at="2019-11-22T13:18:46Z">
      <class name="com.harmony.qa.tests.AddNewLicenseTest">
        <test-method status="PASS" signature="setup()[pri:0, instance:com.harmony.qa.tests.AddNewLicenseTest@239963d8]" name="setup" is-config="true" duration-ms="56248" started-at="2019-11-22T18:45:02Z" finished-at="2019-11-22T18:45:58Z">
          <reporter-output>
          </reporter-output>
        </test-method> <!-- setup -->
        <test-method status="PASS" signature="clickOnOrgEditButtonTest()[pri:0, instance:com.harmony.qa.tests.AddNewLicenseTest@239963d8]" name="clickOnOrgEditButtonTest" duration-ms="167933" started-at="2019-11-22T18:45:58Z" finished-at="2019-11-22T18:48:46Z">
          <reporter-output>
          </reporter-output>
        </test-method> <!-- clickOnOrgEditButtonTest -->
        <test-method status="PASS" signature="teardown()[pri:0, instance:com.harmony.qa.tests.AddNewLicenseTest@239963d8]" name="teardown" is-config="true" duration-ms="171" started-at="2019-11-22T18:48:46Z" finished-at="2019-11-22T18:48:46Z">
          <reporter-output>
          </reporter-output>
        </test-method> <!-- teardown -->
      </class> <!-- com.harmony.qa.tests.AddNewLicenseTest -->
    </test> <!-- Default test -->
  </suite> <!-- Default suite -->
</testng-results>
